


ARM Macro Assembler    Page 1 


    1 00000000                 GLOBAL           Reset_Handler
    2 00000000                 AREA             Reset, CODE, READONLY
    3 00000000                 ENTRY
    4 00000000         
    5 00000000         Reset_Handler
    6 00000000         step1                                ; ans of (17^-1) mo
                                                            d 3120 should be 0x
                                                            AC1(2753) 
    7 00000000 E3A04011        MOV              r4 , #17    ; r4 = T = 17 = B
    8 00000004 E3A05EC3        MOV              r5 , #3120  ; r5 = N = 3120 = A
                                                            
    9 00000008 E1A03005        MOV              r3, r5      ; store N for retur
                                                            n value
   10 0000000C E3A06001        MOV              r6, #1      ; r6 = X = 1 initia
                                                            l value
   11 00000010 E3A07000        MOV              r7 ,#0      ; r7 = X' = 0 initi
                                                            al value
   12 00000014         
   13 00000014         
   14 00000014         step2
   15 00000014 E3A01000        MOV              r1 , #0     ; quotient 
   16 00000018         mod1
   17 00000018 E1550004        CMP              r5 ,r4
   18 0000001C BA000002        BLT              step3
   19 00000020 E2811001        ADD              r1 , r1 ,#1 ; r1 will have the 
                                                            quotient value
   20 00000024 E0455004        SUB              r5 , r5 ,r4 ; r5 will have the 
                                                            remainer resule
   21 00000028 EAFFFFFA        B                mod1        ;
   22 0000002C         step3
   23 0000002C E3550000        CMP              r5, #0
   24 00000030 1A000003        BNE              step4       ; if R(r5) !=0 then
                                                             goto step 4
   25 00000034 E3560000        CMP              r6 , #0
   26 00000038 AA000009        BGE              stop        ; if X >=0 then jus
                                                            t return X (r6)
   27 0000003C E0866003        ADD              r6 , r6 , r3 ; if X < 0 then re
                                                            turn value X + N
   28 00000040 EA000007        B                stop
   29 00000044         
   30 00000044         step4
   31 00000044 E1A09005        MOV              r9 , r5     ; temp value for A
   32 00000048 E1A05004        MOV              r5, r4      ;  A <- B
   33 0000004C E1A04009        MOV              r4, r9      ;  B <- R
   34 00000050 E1A09007        MOV              r9 , r7     ; temp value for X'
                                                            
   35 00000054 E1A07006        MOV              r7, r6      ; x' <- x
   36 00000058 E0060691        MUL              r6, r1,r6   ; calculate Q*X
   37 0000005C E0496006        SUB              r6, r9, r6  ; X = X' - Q * X no
                                                            te: here X' is the 
                                                            one before updated;
                                                             
   38 00000060 EAFFFFEB        B                step2       ; go back to step2
   39 00000064         
   40 00000064         
   41 00000064 EAFFFFFE 
                       stop    B                stop
   42 00000068                 END
Command Line: --debug --xref --diag_suppress=9931 --apcs=interwork --depend=.\o



ARM Macro Assembler    Page 2 


bjects\startup.d -o.\objects\startup.o -IC:\Keil_v5\ARM\RV31\INC -IC:\Keil_v5\A
RM\CMSIS\Include -IC:\Keil_v5\ARM\INC\Philips --predefine="__UVISION_VERSION SE
TA 537" --list=.\listings\startup.lst Startup.s



ARM Macro Assembler    Page 1 Alphabetic symbol ordering
Relocatable symbols

Reset 00000000

Symbol: Reset
   Definitions
      At line 2 in file Startup.s
   Uses
      None
Comment: Reset unused
Reset_Handler 00000000

Symbol: Reset_Handler
   Definitions
      At line 5 in file Startup.s
   Uses
      At line 1 in file Startup.s
Comment: Reset_Handler used once
mod1 00000018

Symbol: mod1
   Definitions
      At line 16 in file Startup.s
   Uses
      At line 21 in file Startup.s
Comment: mod1 used once
step1 00000000

Symbol: step1
   Definitions
      At line 6 in file Startup.s
   Uses
      None
Comment: step1 unused
step2 00000014

Symbol: step2
   Definitions
      At line 14 in file Startup.s
   Uses
      At line 38 in file Startup.s
Comment: step2 used once
step3 0000002C

Symbol: step3
   Definitions
      At line 22 in file Startup.s
   Uses
      At line 18 in file Startup.s
Comment: step3 used once
step4 00000044

Symbol: step4
   Definitions
      At line 30 in file Startup.s
   Uses
      At line 24 in file Startup.s
Comment: step4 used once
stop 00000064

Symbol: stop



ARM Macro Assembler    Page 2 Alphabetic symbol ordering
Relocatable symbols

   Definitions
      At line 41 in file Startup.s
   Uses
      At line 26 in file Startup.s
      At line 28 in file Startup.s
      At line 41 in file Startup.s

8 symbols
339 symbols in table
