


ARM Macro Assembler    Page 1 


    1 00000000                 GLOBAL           Reset_Handler
    2 00000000                 AREA             Reset, CODE, READONLY
    3 00000000                 ENTRY
    4 00000000         
    5 00000000         Reset_Handler
    6 00000000         ; test data: 487^1000 mod 489 = 373 (0x175)
    7 00000000 E59F4054        LDR              r4, =487    ;r4 = 487 = A
    8 00000004 E3A05FFA        LDR              r5, =1000   ;r5 = 1000 = B
    9 00000008 E59F6050        LDR              r6, =489    ;r6 = 489 = C
   10 0000000C         
   11 0000000C         step1
   12 0000000C E3A07001        MOV              r7, #1      ;r7 = 1 = S invitia
                                                            l value
   13 00000010         
   14 00000010         step2
   15 00000010 E3A01020        MOV              r1, #32     ; at most 32 iterat
                                                            ion
   16 00000014         loop
   17 00000014 E3510000        CMP              r1 , #0
   18 00000018 0A00000E        BEQ              stop
   19 0000001C         
   20 0000001C         
   21 0000001C E1A02007        MOV              r2, r7      ; temp s
   22 00000020 E0070792        MUL              r7, r2 ,r7  ; S <- S * S mod C 
                                                            
   23 00000024         mod1
   24 00000024 E1570006        CMP              r7, r6
   25 00000028 BA000001        BLT              ifpart
   26 0000002C E0477006        SUB              r7, r6
   27 00000030 EAFFFFFB        B                mod1
   28 00000034         ifpart
   29 00000034 E2152102        ANDS             r2, r5 , #0x80000000 ; check th
                                                            e most left bit of 
                                                            b
   30 00000038 E2411001        SUB              r1 , r1 ,#1
   31 0000003C E1A05085        LSL              r5 , r5 ,1  ;
   32 00000040 0AFFFFF3        BEQ              loop
   33 00000044         
   34 00000044 E0070794        MUL              r7, r4 , r7 ; S <- A * S mod C 
                                                            if the most left bi
                                                            t of b is 1
   35 00000048         mod2
   36 00000048 E1570006        CMP              r7,r6       ;
   37 0000004C BAFFFFF0        BLT              loop
   38 00000050 E0477006        SUB              r7,r7,r6
   39 00000054 EAFFFFFB        B                mod2
   40 00000058         
   41 00000058         
   42 00000058 EAFFFFFE 
                       stop    B                stop        ; branch, stop prog
                                                            ram
   43 0000005C                 END
              000001E7 
              000001E9 
Command Line: --debug --xref --diag_suppress=9931 --apcs=interwork --depend=.\o
bjects\startup.d -o.\objects\startup.o -IC:\Keil_v5\ARM\RV31\INC -IC:\Keil_v5\A
RM\CMSIS\Include -IC:\Keil_v5\ARM\INC\Philips --predefine="__UVISION_VERSION SE
TA 537" --list=.\listings\startup.lst Startup.s



ARM Macro Assembler    Page 1 Alphabetic symbol ordering
Relocatable symbols

Reset 00000000

Symbol: Reset
   Definitions
      At line 2 in file Startup.s
   Uses
      None
Comment: Reset unused
Reset_Handler 00000000

Symbol: Reset_Handler
   Definitions
      At line 5 in file Startup.s
   Uses
      At line 1 in file Startup.s
Comment: Reset_Handler used once
ifpart 00000034

Symbol: ifpart
   Definitions
      At line 28 in file Startup.s
   Uses
      At line 25 in file Startup.s
Comment: ifpart used once
loop 00000014

Symbol: loop
   Definitions
      At line 16 in file Startup.s
   Uses
      At line 32 in file Startup.s
      At line 37 in file Startup.s

mod1 00000024

Symbol: mod1
   Definitions
      At line 23 in file Startup.s
   Uses
      At line 27 in file Startup.s
Comment: mod1 used once
mod2 00000048

Symbol: mod2
   Definitions
      At line 35 in file Startup.s
   Uses
      At line 39 in file Startup.s
Comment: mod2 used once
step1 0000000C

Symbol: step1
   Definitions
      At line 11 in file Startup.s
   Uses
      None
Comment: step1 unused
step2 00000010




ARM Macro Assembler    Page 2 Alphabetic symbol ordering
Relocatable symbols

Symbol: step2
   Definitions
      At line 14 in file Startup.s
   Uses
      None
Comment: step2 unused
stop 00000058

Symbol: stop
   Definitions
      At line 42 in file Startup.s
   Uses
      At line 18 in file Startup.s
      At line 42 in file Startup.s

9 symbols
342 symbols in table
